<?xml version="1.0" encoding="UTF-8"?>
<!-- Generated by org.testng.reporters.JUnitReportReporter -->
<testsuite hostname="Tamiduk" failures="0" tests="1" name="testRunner.ElementRunner" time="127.560" errors="0" timestamp="26 Jun 2023 22:12:30 GMT" skipped="0">
  <testcase classname="testRunner.ElementRunner" name="runScenario" time="127.560"/>
</testsuite> <!-- testRunner.ElementRunner -->
