<?xml version="1.0" encoding="UTF-8"?>
<!-- Generated by org.testng.reporters.JUnitReportReporter -->
<testsuite hostname="Tamiduk" failures="0" tests="1" name="testRunner.ElementRunner" time="9.199" errors="0" timestamp="28 Jun 2023 16:32:42 GMT" skipped="0">
  <testcase classname="testRunner.ElementRunner" name="runScenario" time="9.199"/>
</testsuite> <!-- testRunner.ElementRunner -->
